<?xml version="1.0" encoding="UTF-8"?>
<!-- Generated by org.testng.reporters.JUnitXMLReporter -->
<testsuite hostname="CORPLPTP000053" ignored="0" name="RetryMultipleFailedTestCases" tests="7" failures="1" timestamp="2020-05-25T16:40:16 IST" time="94.636" errors="0">
  <testcase name="verifyLoginPageTitleTest" time="0.337" classname="com.primeclass.qa.testcases.LoginPageTest"/>
  <testcase name="VerfiyCenterLinkButton" time="0.16" classname="com.primeclass.qa.testcases.LoginPageTest"/>
  <testcase name="verifyHomePageHeaderTest" time="0.195" classname="com.primeclass.qa.testcases.LoginPageTest">
    <skipped/>
  </testcase> <!-- verifyHomePageHeaderTest -->
  <testcase name="verifyHomePageHeaderTest" time="0.064" classname="com.primeclass.qa.testcases.LoginPageTest">
    <skipped/>
  </testcase> <!-- verifyHomePageHeaderTest -->
  <testcase name="verifyHomePageHeaderTest" time="0.056" classname="com.primeclass.qa.testcases.LoginPageTest">
    <skipped/>
  </testcase> <!-- verifyHomePageHeaderTest -->
  <testcase name="verifyHomePageHeaderTest" time="0.135" classname="com.primeclass.qa.testcases.LoginPageTest">
    <failure type="java.lang.AssertionError" message="Header value is not matched expected [Aakash Distance Learning11] but found [Aakash Distance Learning]">
      <![CDATA[java.lang.AssertionError: Header value is not matched expected [Aakash Distance Learning11] but found [Aakash Distance Learning]
at com.primeclass.qa.testcases.LoginPageTest.verifyHomePageHeaderTest(LoginPageTest.java:66)
at java.util.ArrayList.forEach(ArrayList.java:1257)
... Removed 31 stack frames]]>
    </failure>
  </testcase> <!-- verifyHomePageHeaderTest -->
  <testcase name="contactUsTest" time="1.124" classname="com.primeclass.qa.testcases.LoginPageTest"/>
</testsuite> <!-- RetryMultipleFailedTestCases -->
