<?xml version="1.0" encoding="UTF-8"?>
<!-- Generated by org.testng.reporters.JUnitReportReporter -->
<testsuite skipped="3" hostname="CORPLPTP000053" name="com.primeclass.qa.testcases.LoginPageTest" tests="7" failures="1" timestamp="2020-05-25T16:40:16 IST" time="94.521" errors="0">
  <testcase name="verifyLoginPageTitleTest" time="13.770" classname="com.primeclass.qa.testcases.LoginPageTest"/>
  <system-out/>
  <testcase name="VerfiyCenterLinkButton" time="14.167" classname="com.primeclass.qa.testcases.LoginPageTest"/>
  <system-out/>
  <testcase name="verifyHomePageHeaderTest" time="11.253" classname="com.primeclass.qa.testcases.LoginPageTest">
    <skipped/>
  </testcase> <!-- verifyHomePageHeaderTest -->
  <system-out/>
  <testcase name="verifyHomePageHeaderTest" time="12.144" classname="com.primeclass.qa.testcases.LoginPageTest">
    <skipped/>
  </testcase> <!-- verifyHomePageHeaderTest -->
  <system-out/>
  <testcase name="verifyHomePageHeaderTest" time="18.397" classname="com.primeclass.qa.testcases.LoginPageTest">
    <failure type="java.lang.AssertionError" message="Header value is not matched expected [Aakash Distance Learning11] but found [Aakash Distance Learning]">
      <![CDATA[java.lang.AssertionError: Header value is not matched expected [Aakash Distance Learning11] but found [Aakash Distance Learning]
at org.testng.Assert.fail(Assert.java:97)
at org.testng.Assert.assertEqualsImpl(Assert.java:136)
at org.testng.Assert.assertEquals(Assert.java:118)
at org.testng.Assert.assertEquals(Assert.java:575)
at com.primeclass.qa.testcases.LoginPageTest.verifyHomePageHeaderTest(LoginPageTest.java:66)
at sun.reflect.NativeMethodAccessorImpl.invoke0(Native Method)
at sun.reflect.NativeMethodAccessorImpl.invoke(NativeMethodAccessorImpl.java:62)
at sun.reflect.DelegatingMethodAccessorImpl.invoke(DelegatingMethodAccessorImpl.java:43)
at java.lang.reflect.Method.invoke(Method.java:498)
at org.testng.internal.MethodInvocationHelper.invokeMethod(MethodInvocationHelper.java:134)
at org.testng.internal.TestInvoker.invokeMethod(TestInvoker.java:597)
at org.testng.internal.TestInvoker.retryFailed(TestInvoker.java:213)
at org.testng.internal.MethodRunner.runInSequence(MethodRunner.java:58)
at org.testng.internal.TestInvoker$MethodInvocationAgent.invoke(TestInvoker.java:816)
at org.testng.internal.TestInvoker.invokeTestMethods(TestInvoker.java:146)
at org.testng.internal.TestMethodWorker.invokeTestMethods(TestMethodWorker.java:146)
at org.testng.internal.TestMethodWorker.run(TestMethodWorker.java:128)
at java.util.ArrayList.forEach(ArrayList.java:1257)
at org.testng.TestRunner.privateRun(TestRunner.java:766)
at org.testng.TestRunner.run(TestRunner.java:587)
at org.testng.SuiteRunner.runTest(SuiteRunner.java:384)
at org.testng.SuiteRunner.runSequentially(SuiteRunner.java:378)
at org.testng.SuiteRunner.privateRun(SuiteRunner.java:337)
at org.testng.SuiteRunner.run(SuiteRunner.java:286)
at org.testng.SuiteRunnerWorker.runSuite(SuiteRunnerWorker.java:53)
at org.testng.SuiteRunnerWorker.run(SuiteRunnerWorker.java:96)
at org.testng.TestNG.runSuitesSequentially(TestNG.java:1187)
at org.testng.TestNG.runSuitesLocally(TestNG.java:1109)
at org.testng.TestNG.runSuites(TestNG.java:1039)
at org.testng.TestNG.run(TestNG.java:1007)
at org.testng.remote.AbstractRemoteTestNG.run(AbstractRemoteTestNG.java:115)
at org.testng.remote.RemoteTestNG.initAndRun(RemoteTestNG.java:251)
at org.testng.remote.RemoteTestNG.main(RemoteTestNG.java:77)
]]>
    </failure>
  </testcase> <!-- verifyHomePageHeaderTest -->
  <system-out/>
  <testcase name="verifyHomePageHeaderTest" time="11.703" classname="com.primeclass.qa.testcases.LoginPageTest">
    <skipped/>
  </testcase> <!-- verifyHomePageHeaderTest -->
  <system-out/>
  <testcase name="contactUsTest" time="13.087" classname="com.primeclass.qa.testcases.LoginPageTest"/>
  <system-out/>
</testsuite> <!-- com.primeclass.qa.testcases.LoginPageTest -->
